[debug] [2021-11-09T12:15:16.423Z] ----------------------------------------------------------------------
[debug] [2021-11-09T12:15:16.427Z] Command:       C:\Program Files (x86)\nodejs\node.exe C:\Users\shefat\AppData\Roaming\npm\node_modules\firebase-tools\lib\bin\firebase.js init
[debug] [2021-11-09T12:15:16.427Z] CLI Version:   9.22.0
[debug] [2021-11-09T12:15:16.427Z] Platform:      win32
[debug] [2021-11-09T12:15:16.428Z] Node Version:  v14.17.0
[debug] [2021-11-09T12:15:16.429Z] Time:          Tue Nov 09 2021 18:15:16 GMT+0600 (Bangladesh Standard Time)
[debug] [2021-11-09T12:15:16.430Z] ----------------------------------------------------------------------
[debug] 
[debug] [2021-11-09T12:15:16.441Z] > command requires scopes: ["email","openid","https://www.googleapis.com/auth/cloudplatformprojects.readonly","https://www.googleapis.com/auth/firebase","https://www.googleapis.com/auth/cloud-platform"]
[debug] [2021-11-09T12:15:16.441Z] > authorizing via signed-in user (myphoto204@gmail.com)
[info] 
     ######## #### ########  ######## ########     ###     ######  ########
     ##        ##  ##     ## ##       ##     ##  ##   ##  ##       ##
     ######    ##  ########  ######   ########  #########  ######  ######
     ##        ##  ##    ##  ##       ##     ## ##     ##       ## ##
     ##       #### ##     ## ######## ########  ##     ##  ######  ########

You're about to initialize a Firebase project in this directory:

  E:\xampp\htdocs\assignment12

[info] 
=== Project Setup
[info] 
[info] First, let's associate this project directory with a Firebase project.
[info] You can create multiple project aliases by running firebase use --add, 
[info] but for now we'll just set up a default project.
[info] 
[debug] [2021-11-09T12:17:52.384Z] >>> [apiv2][query] GET https://firebase.googleapis.com/v1beta1/projects pageSize=100
[debug] [2021-11-09T12:17:53.158Z] <<< [apiv2][status] GET https://firebase.googleapis.com/v1beta1/projects 200
[debug] [2021-11-09T12:17:53.159Z] <<< [apiv2][body] GET https://firebase.googleapis.com/v1beta1/projects [omitted]
[info] i  Using project assignment12-6604e (assignment12) 
[info] 
=== Firestore Setup
[debug] [2021-11-09T12:17:58.115Z] > refreshing access token with scopes: ["email","https://www.googleapis.com/auth/cloud-platform","https://www.googleapis.com/auth/cloudplatformprojects.readonly","https://www.googleapis.com/auth/firebase","openid"]
[debug] [2021-11-09T12:17:58.115Z] >>> HTTP REQUEST POST https://www.googleapis.com/oauth2/v3/token  
 <request body omitted>
[debug] [2021-11-09T12:17:58.356Z] <<< HTTP RESPONSE 200 {"expires":"Mon, 01 Jan 1990 00:00:00 GMT","pragma":"no-cache","cache-control":"no-cache, no-store, max-age=0, must-revalidate","date":"Tue, 09 Nov 2021 12:17:57 GMT","content-type":"application/json; charset=utf-8","vary":"X-Origin, Referer, Origin,Accept-Encoding","server":"scaffolding on HTTPServer2","x-xss-protection":"0","x-frame-options":"SAMEORIGIN","x-content-type-options":"nosniff","alt-svc":"h3=\":443\"; ma=2592000,h3-29=\":443\"; ma=2592000,h3-Q050=\":443\"; ma=2592000,h3-Q046=\":443\"; ma=2592000,h3-Q043=\":443\"; ma=2592000,quic=\":443\"; ma=2592000; v=\"46,43\"","accept-ranges":"none","transfer-encoding":"chunked"}
[debug] [2021-11-09T12:17:58.403Z] >>> HTTP REQUEST GET https://serviceusage.googleapis.com/v1/projects/assignment12-6604e/services/firestore.googleapis.com  
 
[debug] [2021-11-09T12:18:00.389Z] <<< HTTP RESPONSE 200 {"content-type":"application/json; charset=UTF-8","vary":"X-Origin, Referer, Origin,Accept-Encoding","date":"Tue, 09 Nov 2021 12:17:59 GMT","server":"ESF","cache-control":"private","x-xss-protection":"0","x-frame-options":"SAMEORIGIN","x-content-type-options":"nosniff","alt-svc":"h3=\":443\"; ma=2592000,h3-29=\":443\"; ma=2592000,h3-Q050=\":443\"; ma=2592000,h3-Q046=\":443\"; ma=2592000,h3-Q043=\":443\"; ma=2592000,quic=\":443\"; ma=2592000; v=\"46,43\"","accept-ranges":"none","transfer-encoding":"chunked"}
[debug] [2021-11-09T12:18:00.395Z] >>> HTTP REQUEST GET https://appengine.googleapis.com/v1/apps/assignment12-6604e  
 
[debug] [2021-11-09T12:18:01.238Z] <<< HTTP RESPONSE 200 {"content-type":"application/json; charset=UTF-8","vary":"X-Origin, Referer, Origin,Accept-Encoding","date":"Tue, 09 Nov 2021 12:18:00 GMT","server":"ESF","cache-control":"private","x-xss-protection":"0","x-frame-options":"SAMEORIGIN","x-content-type-options":"nosniff","alt-svc":"h3=\":443\"; ma=2592000,h3-29=\":443\"; ma=2592000,h3-Q050=\":443\"; ma=2592000,h3-Q046=\":443\"; ma=2592000,h3-Q043=\":443\"; ma=2592000,quic=\":443\"; ma=2592000; v=\"46,43\"","accept-ranges":"none","transfer-encoding":"chunked"}
[debug] [2021-11-09T12:18:01.239Z] database_type: CLOUD_FIRESTORE
[debug] [2021-11-09T12:18:01.241Z] > command requires scopes: ["email","openid","https://www.googleapis.com/auth/cloudplatformprojects.readonly","https://www.googleapis.com/auth/firebase","https://www.googleapis.com/auth/cloud-platform"]
[debug] [2021-11-09T12:18:01.241Z] > authorizing via signed-in user (myphoto204@gmail.com)
[debug] [2021-11-09T12:18:01.242Z] [iam] checking project assignment12-6604e for permissions ["firebase.projects.get"]
[debug] [2021-11-09T12:18:01.243Z] >>> HTTP REQUEST POST https://cloudresourcemanager.googleapis.com/v1/projects/assignment12-6604e:testIamPermissions  
 {"permissions":["firebase.projects.get"]}
[debug] [2021-11-09T12:18:02.715Z] <<< HTTP RESPONSE 200 {"content-type":"application/json; charset=UTF-8","vary":"X-Origin, Referer, Origin,Accept-Encoding","date":"Tue, 09 Nov 2021 12:18:02 GMT","server":"ESF","cache-control":"private","x-xss-protection":"0","x-frame-options":"SAMEORIGIN","x-content-type-options":"nosniff","server-timing":"gfet4t7; dur=1183","alt-svc":"h3=\":443\"; ma=2592000,h3-29=\":443\"; ma=2592000,h3-Q050=\":443\"; ma=2592000,h3-Q046=\":443\"; ma=2592000,h3-Q043=\":443\"; ma=2592000,quic=\":443\"; ma=2592000; v=\"46,43\"","accept-ranges":"none","transfer-encoding":"chunked"}
[info] 
[info] Firestore Security Rules allow you to define how and when to allow
[info] requests. You can keep these rules in your project directory
[info] and publish them with firebase deploy.
[info] 
[debug] [2021-11-09T12:18:06.928Z] >>> HTTP REQUEST GET https://firebaserules.googleapis.com/v1/projects/assignment12-6604e/releases?pageSize=10&pageToken=  
 
[debug] [2021-11-09T12:18:08.580Z] <<< HTTP RESPONSE 200 {"content-type":"application/json; charset=UTF-8","vary":"X-Origin, Referer, Origin,Accept-Encoding","date":"Tue, 09 Nov 2021 12:18:08 GMT","server":"ESF","cache-control":"private","x-xss-protection":"0","x-frame-options":"SAMEORIGIN","x-content-type-options":"nosniff","alt-svc":"h3=\":443\"; ma=2592000,h3-29=\":443\"; ma=2592000,h3-Q050=\":443\"; ma=2592000,h3-Q046=\":443\"; ma=2592000,h3-Q043=\":443\"; ma=2592000,quic=\":443\"; ma=2592000; v=\"46,43\"","accept-ranges":"none","transfer-encoding":"chunked"}
[debug] [2021-11-09T12:18:08.582Z] Found ruleset: projects/assignment12-6604e/rulesets/2a629634-ca46-435a-9520-09a9a43a7b56
[debug] [2021-11-09T12:18:08.584Z] >>> HTTP REQUEST GET https://firebaserules.googleapis.com/v1/projects/assignment12-6604e/rulesets/2a629634-ca46-435a-9520-09a9a43a7b56  
 
[debug] [2021-11-09T12:18:08.995Z] <<< HTTP RESPONSE 200 {"content-type":"application/json; charset=UTF-8","vary":"X-Origin, Referer, Origin,Accept-Encoding","date":"Tue, 09 Nov 2021 12:18:08 GMT","server":"ESF","cache-control":"private","x-xss-protection":"0","x-frame-options":"SAMEORIGIN","x-content-type-options":"nosniff","alt-svc":"h3=\":443\"; ma=2592000,h3-29=\":443\"; ma=2592000,h3-Q050=\":443\"; ma=2592000,h3-Q046=\":443\"; ma=2592000,h3-Q043=\":443\"; ma=2592000,quic=\":443\"; ma=2592000; v=\"46,43\"","accept-ranges":"none","transfer-encoding":"chunked"}
[debug] [2021-11-09T12:18:09.211Z] Error: EISDIR: illegal operation on a directory, open 'E:\xampp\htdocs\assignment12'
    at Object.openSync (fs.js:498:3)
    at Object.writeFileSync (fs.js:1524:35)
    at Object.createFileSync (C:\Users\shefat\AppData\Roaming\npm\node_modules\firebase-tools\node_modules\fs-extra\lib\ensure\file.js:43:6)
    at Config.writeProjectFile (C:\Users\shefat\AppData\Roaming\npm\node_modules\firebase-tools\lib\config.js:144:12)
    at C:\Users\shefat\AppData\Roaming\npm\node_modules\firebase-tools\lib\init\features\firestore\rules.js:50:27
    at processTicksAndRejections (internal/process/task_queues.js:95:5)
    at async Object.doSetup [as firestore] (C:\Users\shefat\AppData\Roaming\npm\node_modules\firebase-tools\lib\init\features\firestore\index.js:35:5)
    at async init (C:\Users\shefat\AppData\Roaming\npm\node_modules\firebase-tools\lib\init\index.js:19:9)
[error] 
[error] Error: An unexpected error has occurred.
